

Started GET "/" for 127.0.0.1 at 2015-02-08 02:26:42 -0500

RuntimeError (Cannot load `Rails.application.database_configuration`:
Could not load database configuration. No such file - ):
  railties (4.1.8) lib/rails/application/configuration.rb:105:in `database_configuration'
  activerecord (4.1.8) lib/active_record/railtie.rb:128:in `block (2 levels) in <class:Railtie>'
  activesupport (4.1.8) lib/active_support/lazy_load_hooks.rb:38:in `instance_eval'
  activesupport (4.1.8) lib/active_support/lazy_load_hooks.rb:38:in `execute_hook'
  activesupport (4.1.8) lib/active_support/lazy_load_hooks.rb:45:in `block in run_load_hooks'
  activesupport (4.1.8) lib/active_support/lazy_load_hooks.rb:44:in `each'
  activesupport (4.1.8) lib/active_support/lazy_load_hooks.rb:44:in `run_load_hooks'
  activerecord (4.1.8) lib/active_record/base.rb:326:in `<module:ActiveRecord>'
  activerecord (4.1.8) lib/active_record/base.rb:23:in `<top (required)>'
  activerecord (4.1.8) lib/active_record/migration.rb:388:in `check_pending!'
  activerecord (4.1.8) lib/active_record/migration.rb:377:in `call'
  actionpack (4.1.8) lib/action_dispatch/middleware/callbacks.rb:29:in `block in call'
  activesupport (4.1.8) lib/active_support/callbacks.rb:82:in `run_callbacks'
  actionpack (4.1.8) lib/action_dispatch/middleware/callbacks.rb:27:in `call'
  actionpack (4.1.8) lib/action_dispatch/middleware/reloader.rb:73:in `call'
  actionpack (4.1.8) lib/action_dispatch/middleware/remote_ip.rb:76:in `call'
  actionpack (4.1.8) lib/action_dispatch/middleware/debug_exceptions.rb:17:in `call'
  actionpack (4.1.8) lib/action_dispatch/middleware/show_exceptions.rb:30:in `call'
  railties (4.1.8) lib/rails/rack/logger.rb:38:in `call_app'
  railties (4.1.8) lib/rails/rack/logger.rb:20:in `block in call'
  activesupport (4.1.8) lib/active_support/tagged_logging.rb:68:in `block in tagged'
  activesupport (4.1.8) lib/active_support/tagged_logging.rb:26:in `tagged'
  activesupport (4.1.8) lib/active_support/tagged_logging.rb:68:in `tagged'
  railties (4.1.8) lib/rails/rack/logger.rb:20:in `call'
  actionpack (4.1.8) lib/action_dispatch/middleware/request_id.rb:21:in `call'
  rack (1.5.2) lib/rack/methodoverride.rb:21:in `call'
  rack (1.5.2) lib/rack/runtime.rb:17:in `call'
  activesupport (4.1.8) lib/active_support/cache/strategy/local_cache_middleware.rb:26:in `call'
  rack (1.5.2) lib/rack/lock.rb:17:in `call'
  actionpack (4.1.8) lib/action_dispatch/middleware/static.rb:84:in `call'
  rack (1.5.2) lib/rack/sendfile.rb:112:in `call'
  railties (4.1.8) lib/rails/engine.rb:514:in `call'
  railties (4.1.8) lib/rails/application.rb:144:in `call'
  rack (1.5.2) lib/rack/lock.rb:17:in `call'
  rack (1.5.2) lib/rack/content_length.rb:14:in `call'
  rack (1.5.2) lib/rack/handler/webrick.rb:60:in `service'
  /Users/kevinyoung/.rvm/rubies/ruby-2.0.0-p0/lib/ruby/2.0.0/webrick/httpserver.rb:138:in `service'
  /Users/kevinyoung/.rvm/rubies/ruby-2.0.0-p0/lib/ruby/2.0.0/webrick/httpserver.rb:94:in `run'
  /Users/kevinyoung/.rvm/rubies/ruby-2.0.0-p0/lib/ruby/2.0.0/webrick/server.rb:295:in `block in start_thread'


  Rendered /Users/kevinyoung/.rvm/gems/ruby-2.0.0-p0/gems/actionpack-4.1.8/lib/action_dispatch/middleware/templates/rescues/_source.erb (0.3ms)
  Rendered /Users/kevinyoung/.rvm/gems/ruby-2.0.0-p0/gems/actionpack-4.1.8/lib/action_dispatch/middleware/templates/rescues/_trace.html.erb (0.6ms)
  Rendered /Users/kevinyoung/.rvm/gems/ruby-2.0.0-p0/gems/actionpack-4.1.8/lib/action_dispatch/middleware/templates/rescues/_request_and_response.html.erb (31.6ms)
  Rendered /Users/kevinyoung/.rvm/gems/ruby-2.0.0-p0/gems/actionpack-4.1.8/lib/action_dispatch/middleware/templates/rescues/diagnostics.erb within rescues/layout (46.0ms)


Started GET "/" for 127.0.0.1 at 2015-02-08 02:35:01 -0500

PG::ConnectionBad (could not connect to server: Connection refused
	Is the server running on host "localhost" (::1) and accepting
	TCP/IP connections on port 5432?
could not connect to server: Connection refused
	Is the server running on host "localhost" (127.0.0.1) and accepting
	TCP/IP connections on port 5432?
could not connect to server: Connection refused
	Is the server running on host "localhost" (fe80::1) and accepting
	TCP/IP connections on port 5432?
):
  activerecord (4.1.8) lib/active_record/connection_adapters/postgresql_adapter.rb:888:in `initialize'
  activerecord (4.1.8) lib/active_record/connection_adapters/postgresql_adapter.rb:888:in `new'
  activerecord (4.1.8) lib/active_record/connection_adapters/postgresql_adapter.rb:888:in `connect'
  activerecord (4.1.8) lib/active_record/connection_adapters/postgresql_adapter.rb:568:in `initialize'
  activerecord (4.1.8) lib/active_record/connection_adapters/postgresql_adapter.rb:41:in `new'
  activerecord (4.1.8) lib/active_record/connection_adapters/postgresql_adapter.rb:41:in `postgresql_connection'
  activerecord (4.1.8) lib/active_record/connection_adapters/abstract/connection_pool.rb:435:in `new_connection'
  activerecord (4.1.8) lib/active_record/connection_adapters/abstract/connection_pool.rb:445:in `checkout_new_connection'
  activerecord (4.1.8) lib/active_record/connection_adapters/abstract/connection_pool.rb:416:in `acquire_connection'
  activerecord (4.1.8) lib/active_record/connection_adapters/abstract/connection_pool.rb:351:in `block in checkout'
  /Users/kevinyoung/.rvm/rubies/ruby-2.0.0-p0/lib/ruby/2.0.0/monitor.rb:211:in `mon_synchronize'
  activerecord (4.1.8) lib/active_record/connection_adapters/abstract/connection_pool.rb:350:in `checkout'
  activerecord (4.1.8) lib/active_record/connection_adapters/abstract/connection_pool.rb:265:in `block in connection'
  /Users/kevinyoung/.rvm/rubies/ruby-2.0.0-p0/lib/ruby/2.0.0/monitor.rb:211:in `mon_synchronize'
  activerecord (4.1.8) lib/active_record/connection_adapters/abstract/connection_pool.rb:264:in `connection'
  activerecord (4.1.8) lib/active_record/connection_adapters/abstract/connection_pool.rb:541:in `retrieve_connection'
  activerecord (4.1.8) lib/active_record/connection_handling.rb:113:in `retrieve_connection'
  activerecord (4.1.8) lib/active_record/connection_handling.rb:87:in `connection'
  activerecord (4.1.8) lib/active_record/migration.rb:388:in `check_pending!'
  activerecord (4.1.8) lib/active_record/migration.rb:377:in `call'
  actionpack (4.1.8) lib/action_dispatch/middleware/callbacks.rb:29:in `block in call'
  activesupport (4.1.8) lib/active_support/callbacks.rb:82:in `run_callbacks'
  actionpack (4.1.8) lib/action_dispatch/middleware/callbacks.rb:27:in `call'
  actionpack (4.1.8) lib/action_dispatch/middleware/reloader.rb:73:in `call'
  actionpack (4.1.8) lib/action_dispatch/middleware/remote_ip.rb:76:in `call'
  actionpack (4.1.8) lib/action_dispatch/middleware/debug_exceptions.rb:17:in `call'
  actionpack (4.1.8) lib/action_dispatch/middleware/show_exceptions.rb:30:in `call'
  railties (4.1.8) lib/rails/rack/logger.rb:38:in `call_app'
  railties (4.1.8) lib/rails/rack/logger.rb:20:in `block in call'
  activesupport (4.1.8) lib/active_support/tagged_logging.rb:68:in `block in tagged'
  activesupport (4.1.8) lib/active_support/tagged_logging.rb:26:in `tagged'
  activesupport (4.1.8) lib/active_support/tagged_logging.rb:68:in `tagged'
  railties (4.1.8) lib/rails/rack/logger.rb:20:in `call'
  actionpack (4.1.8) lib/action_dispatch/middleware/request_id.rb:21:in `call'
  rack (1.5.2) lib/rack/methodoverride.rb:21:in `call'
  rack (1.5.2) lib/rack/runtime.rb:17:in `call'
  activesupport (4.1.8) lib/active_support/cache/strategy/local_cache_middleware.rb:26:in `call'
  rack (1.5.2) lib/rack/lock.rb:17:in `call'
  actionpack (4.1.8) lib/action_dispatch/middleware/static.rb:84:in `call'
  rack (1.5.2) lib/rack/sendfile.rb:112:in `call'
  railties (4.1.8) lib/rails/engine.rb:514:in `call'
  railties (4.1.8) lib/rails/application.rb:144:in `call'
  rack (1.5.2) lib/rack/lock.rb:17:in `call'
  rack (1.5.2) lib/rack/content_length.rb:14:in `call'
  rack (1.5.2) lib/rack/handler/webrick.rb:60:in `service'
  /Users/kevinyoung/.rvm/rubies/ruby-2.0.0-p0/lib/ruby/2.0.0/webrick/httpserver.rb:138:in `service'
  /Users/kevinyoung/.rvm/rubies/ruby-2.0.0-p0/lib/ruby/2.0.0/webrick/httpserver.rb:94:in `run'
  /Users/kevinyoung/.rvm/rubies/ruby-2.0.0-p0/lib/ruby/2.0.0/webrick/server.rb:295:in `block in start_thread'


  Rendered /Users/kevinyoung/.rvm/gems/ruby-2.0.0-p0/gems/actionpack-4.1.8/lib/action_dispatch/middleware/templates/rescues/_source.erb (0.3ms)
  Rendered /Users/kevinyoung/.rvm/gems/ruby-2.0.0-p0/gems/actionpack-4.1.8/lib/action_dispatch/middleware/templates/rescues/_trace.html.erb (0.6ms)
  Rendered /Users/kevinyoung/.rvm/gems/ruby-2.0.0-p0/gems/actionpack-4.1.8/lib/action_dispatch/middleware/templates/rescues/_request_and_response.html.erb (0.5ms)
  Rendered /Users/kevinyoung/.rvm/gems/ruby-2.0.0-p0/gems/actionpack-4.1.8/lib/action_dispatch/middleware/templates/rescues/diagnostics.erb within rescues/layout (10.2ms)


Started GET "/" for 127.0.0.1 at 2015-02-08 02:35:25 -0500

ActiveRecord::NoDatabaseError (FATAL:  database "start_development" does not exist
Run `$ bin/rake db:create db:migrate` to create your database):
  activerecord (4.1.8) lib/active_record/connection_adapters/postgresql_adapter.rb:898:in `rescue in connect'
  activerecord (4.1.8) lib/active_record/connection_adapters/postgresql_adapter.rb:888:in `connect'
  activerecord (4.1.8) lib/active_record/connection_adapters/postgresql_adapter.rb:568:in `initialize'
  activerecord (4.1.8) lib/active_record/connection_adapters/postgresql_adapter.rb:41:in `new'
  activerecord (4.1.8) lib/active_record/connection_adapters/postgresql_adapter.rb:41:in `postgresql_connection'
  activerecord (4.1.8) lib/active_record/connection_adapters/abstract/connection_pool.rb:435:in `new_connection'
  activerecord (4.1.8) lib/active_record/connection_adapters/abstract/connection_pool.rb:445:in `checkout_new_connection'
  activerecord (4.1.8) lib/active_record/connection_adapters/abstract/connection_pool.rb:416:in `acquire_connection'
  activerecord (4.1.8) lib/active_record/connection_adapters/abstract/connection_pool.rb:351:in `block in checkout'
  /Users/kevinyoung/.rvm/rubies/ruby-2.0.0-p0/lib/ruby/2.0.0/monitor.rb:211:in `mon_synchronize'
  activerecord (4.1.8) lib/active_record/connection_adapters/abstract/connection_pool.rb:350:in `checkout'
  activerecord (4.1.8) lib/active_record/connection_adapters/abstract/connection_pool.rb:265:in `block in connection'
  /Users/kevinyoung/.rvm/rubies/ruby-2.0.0-p0/lib/ruby/2.0.0/monitor.rb:211:in `mon_synchronize'
  activerecord (4.1.8) lib/active_record/connection_adapters/abstract/connection_pool.rb:264:in `connection'
  activerecord (4.1.8) lib/active_record/connection_adapters/abstract/connection_pool.rb:541:in `retrieve_connection'
  activerecord (4.1.8) lib/active_record/connection_handling.rb:113:in `retrieve_connection'
  activerecord (4.1.8) lib/active_record/connection_handling.rb:87:in `connection'
  activerecord (4.1.8) lib/active_record/migration.rb:388:in `check_pending!'
  activerecord (4.1.8) lib/active_record/migration.rb:377:in `call'
  actionpack (4.1.8) lib/action_dispatch/middleware/callbacks.rb:29:in `block in call'
  activesupport (4.1.8) lib/active_support/callbacks.rb:82:in `run_callbacks'
  actionpack (4.1.8) lib/action_dispatch/middleware/callbacks.rb:27:in `call'
  actionpack (4.1.8) lib/action_dispatch/middleware/reloader.rb:73:in `call'
  actionpack (4.1.8) lib/action_dispatch/middleware/remote_ip.rb:76:in `call'
  actionpack (4.1.8) lib/action_dispatch/middleware/debug_exceptions.rb:17:in `call'
  actionpack (4.1.8) lib/action_dispatch/middleware/show_exceptions.rb:30:in `call'
  railties (4.1.8) lib/rails/rack/logger.rb:38:in `call_app'
  railties (4.1.8) lib/rails/rack/logger.rb:20:in `block in call'
  activesupport (4.1.8) lib/active_support/tagged_logging.rb:68:in `block in tagged'
  activesupport (4.1.8) lib/active_support/tagged_logging.rb:26:in `tagged'
  activesupport (4.1.8) lib/active_support/tagged_logging.rb:68:in `tagged'
  railties (4.1.8) lib/rails/rack/logger.rb:20:in `call'
  actionpack (4.1.8) lib/action_dispatch/middleware/request_id.rb:21:in `call'
  rack (1.5.2) lib/rack/methodoverride.rb:21:in `call'
  rack (1.5.2) lib/rack/runtime.rb:17:in `call'
  activesupport (4.1.8) lib/active_support/cache/strategy/local_cache_middleware.rb:26:in `call'
  rack (1.5.2) lib/rack/lock.rb:17:in `call'
  actionpack (4.1.8) lib/action_dispatch/middleware/static.rb:84:in `call'
  rack (1.5.2) lib/rack/sendfile.rb:112:in `call'
  railties (4.1.8) lib/rails/engine.rb:514:in `call'
  railties (4.1.8) lib/rails/application.rb:144:in `call'
  rack (1.5.2) lib/rack/lock.rb:17:in `call'
  rack (1.5.2) lib/rack/content_length.rb:14:in `call'
  rack (1.5.2) lib/rack/handler/webrick.rb:60:in `service'
  /Users/kevinyoung/.rvm/rubies/ruby-2.0.0-p0/lib/ruby/2.0.0/webrick/httpserver.rb:138:in `service'
  /Users/kevinyoung/.rvm/rubies/ruby-2.0.0-p0/lib/ruby/2.0.0/webrick/httpserver.rb:94:in `run'
  /Users/kevinyoung/.rvm/rubies/ruby-2.0.0-p0/lib/ruby/2.0.0/webrick/server.rb:295:in `block in start_thread'


  Rendered /Users/kevinyoung/.rvm/gems/ruby-2.0.0-p0/gems/actionpack-4.1.8/lib/action_dispatch/middleware/templates/rescues/_source.erb (0.4ms)
  Rendered /Users/kevinyoung/.rvm/gems/ruby-2.0.0-p0/gems/actionpack-4.1.8/lib/action_dispatch/middleware/templates/rescues/_trace.html.erb (0.7ms)
  Rendered /Users/kevinyoung/.rvm/gems/ruby-2.0.0-p0/gems/actionpack-4.1.8/lib/action_dispatch/middleware/templates/rescues/_request_and_response.html.erb (0.5ms)
  Rendered /Users/kevinyoung/.rvm/gems/ruby-2.0.0-p0/gems/actionpack-4.1.8/lib/action_dispatch/middleware/templates/rescues/diagnostics.erb within rescues/layout (11.1ms)
  [1m[36m (5.3ms)[0m  [1mCREATE TABLE "schema_migrations" ("version" character varying(255) NOT NULL) [0m
  [1m[35m (2.0ms)[0m  CREATE UNIQUE INDEX  "unique_schema_migrations" ON "schema_migrations"  ("version")
  [1m[36mActiveRecord::SchemaMigration Load (2.0ms)[0m  [1mSELECT "schema_migrations".* FROM "schema_migrations"[0m
Migrating to CreateUniversities (20150208023715)
  [1m[35m (0.2ms)[0m  BEGIN
  [1m[36m (5.2ms)[0m  [1mCREATE TABLE "universities" ("id" serial primary key, "name" character varying(255), "country" character varying(255), "state" character varying(255), "created_at" timestamp, "updated_at" timestamp) [0m
  [1m[35mSQL (0.4ms)[0m  INSERT INTO "schema_migrations" ("version") VALUES ($1)  [["version", "20150208023715"]]
  [1m[36m (0.5ms)[0m  [1mCOMMIT[0m
Migrating to CreateCourses (20150208023731)
  [1m[35m (0.3ms)[0m  BEGIN
  [1m[36m (3.1ms)[0m  [1mCREATE TABLE "courses" ("id" serial primary key, "department" character varying(255), "number" integer, "name" character varying(255), "university_id" integer, "created_at" timestamp, "updated_at" timestamp) [0m
  [1m[35m (0.6ms)[0m  CREATE  INDEX  "index_courses_on_university_id" ON "courses"  ("university_id")
  [1m[36mSQL (0.2ms)[0m  [1mINSERT INTO "schema_migrations" ("version") VALUES ($1)[0m  [["version", "20150208023731"]]
  [1m[35m (0.4ms)[0m  COMMIT
Migrating to CreateSections (20150208023749)
  [1m[36m (0.2ms)[0m  [1mBEGIN[0m
  [1m[35m (1.6ms)[0m  CREATE TABLE "sections" ("id" serial primary key, "number" character varying(255), "course_id" integer, "created_at" timestamp, "updated_at" timestamp) 
  [1m[36m (0.6ms)[0m  [1mCREATE  INDEX  "index_sections_on_course_id" ON "sections"  ("course_id")[0m
  [1m[35mSQL (0.1ms)[0m  INSERT INTO "schema_migrations" ("version") VALUES ($1)  [["version", "20150208023749"]]
  [1m[36m (0.3ms)[0m  [1mCOMMIT[0m
Migrating to CreateInstructors (20150208023806)
  [1m[35m (0.2ms)[0m  BEGIN
  [1m[36m (1.7ms)[0m  [1mCREATE TABLE "instructors" ("id" serial primary key, "type" integer, "name" character varying(255), "course_id" integer, "created_at" timestamp, "updated_at" timestamp) [0m
  [1m[35m (0.5ms)[0m  CREATE  INDEX  "index_instructors_on_course_id" ON "instructors"  ("course_id")
  [1m[36mSQL (0.1ms)[0m  [1mINSERT INTO "schema_migrations" ("version") VALUES ($1)[0m  [["version", "20150208023806"]]
  [1m[35m (0.3ms)[0m  COMMIT
Migrating to CreateMeetings (20150208023824)
  [1m[36m (0.2ms)[0m  [1mBEGIN[0m
  [1m[35m (1.6ms)[0m  CREATE TABLE "meetings" ("id" serial primary key, "timeable_id" integer, "timeable_type" integer, "location" character varying(255), "weekday" integer, "start_time" time, "end_time" time, "created_at" timestamp, "updated_at" timestamp) 
  [1m[36mSQL (0.1ms)[0m  [1mINSERT INTO "schema_migrations" ("version") VALUES ($1)[0m  [["version", "20150208023824"]]
  [1m[35m (0.3ms)[0m  COMMIT
Migrating to ChangeTimeableIdToMeetableId (20150208024355)
  [1m[36m (0.2ms)[0m  [1mBEGIN[0m
  [1m[35m (0.2ms)[0m  ALTER TABLE "meetings" RENAME COLUMN "timeable_id" TO "meetable_id"
  [1m[36mSQL (0.1ms)[0m  [1mINSERT INTO "schema_migrations" ("version") VALUES ($1)[0m  [["version", "20150208024355"]]
  [1m[35m (0.2ms)[0m  COMMIT
Migrating to ChangeTimeableTypeToMeetableType (20150208024439)
  [1m[36m (0.1ms)[0m  [1mBEGIN[0m
  [1m[35m (0.1ms)[0m  ALTER TABLE "meetings" RENAME COLUMN "timeable_type" TO "meetable_type"
  [1m[36mSQL (0.1ms)[0m  [1mINSERT INTO "schema_migrations" ("version") VALUES ($1)[0m  [["version", "20150208024439"]]
  [1m[35m (0.2ms)[0m  COMMIT
Migrating to RenameInstructorsTypeToTitle (20150208041937)
  [1m[36m (0.1ms)[0m  [1mBEGIN[0m
  [1m[35m (0.2ms)[0m  ALTER TABLE "instructors" RENAME COLUMN "type" TO "title"
  [1m[36mSQL (0.1ms)[0m  [1mINSERT INTO "schema_migrations" ("version") VALUES ($1)[0m  [["version", "20150208041937"]]
  [1m[35m (0.2ms)[0m  COMMIT
Migrating to AddEmailToInstructors (20150208042011)
  [1m[36m (0.1ms)[0m  [1mBEGIN[0m
  [1m[35m (1.2ms)[0m  ALTER TABLE "instructors" ADD COLUMN "email" character varying(255)
  [1m[36mSQL (0.1ms)[0m  [1mINSERT INTO "schema_migrations" ("version") VALUES ($1)[0m  [["version", "20150208042011"]]
  [1m[35m (0.2ms)[0m  COMMIT
  [1m[36mActiveRecord::SchemaMigration Load (1.9ms)[0m  [1mSELECT "schema_migrations".* FROM "schema_migrations"[0m


Started GET "/" for 127.0.0.1 at 2015-02-08 02:35:59 -0500
  [1m[36mActiveRecord::SchemaMigration Load (2.5ms)[0m  [1mSELECT "schema_migrations".* FROM "schema_migrations"[0m
Processing by CoursesController#index as HTML
  [1m[35mCourse Load (2.6ms)[0m  SELECT "courses".* FROM "courses"
  Rendered courses/index.html.erb within layouts/application (4.7ms)
Completed 200 OK in 1435ms (Views: 1402.2ms | ActiveRecord: 2.6ms)


Started GET "/assets/courses.css?body=1" for 127.0.0.1 at 2015-02-08 02:36:01 -0500


Started GET "/assets/instructors.css?body=1" for 127.0.0.1 at 2015-02-08 02:36:01 -0500


Started GET "/assets/meetings.css?body=1" for 127.0.0.1 at 2015-02-08 02:36:01 -0500


Started GET "/assets/scaffolds.css?body=1" for 127.0.0.1 at 2015-02-08 02:36:01 -0500


Started GET "/assets/universities.css?body=1" for 127.0.0.1 at 2015-02-08 02:36:01 -0500


Started GET "/assets/sections.css?body=1" for 127.0.0.1 at 2015-02-08 02:36:01 -0500


Started GET "/assets/application.css?body=1" for 127.0.0.1 at 2015-02-08 02:36:01 -0500


Started GET "/assets/jquery.js?body=1" for 127.0.0.1 at 2015-02-08 02:36:01 -0500


Started GET "/assets/jquery_ujs.js?body=1" for 127.0.0.1 at 2015-02-08 02:36:01 -0500


Started GET "/assets/turbolinks.js?body=1" for 127.0.0.1 at 2015-02-08 02:36:01 -0500


Started GET "/assets/courses.js?body=1" for 127.0.0.1 at 2015-02-08 02:36:01 -0500


Started GET "/assets/instructors.js?body=1" for 127.0.0.1 at 2015-02-08 02:36:01 -0500


Started GET "/assets/meetings.js?body=1" for 127.0.0.1 at 2015-02-08 02:36:01 -0500


Started GET "/assets/sections.js?body=1" for 127.0.0.1 at 2015-02-08 02:36:01 -0500


Started GET "/assets/universities.js?body=1" for 127.0.0.1 at 2015-02-08 02:36:01 -0500


Started GET "/assets/application.js?body=1" for 127.0.0.1 at 2015-02-08 02:36:01 -0500


Started GET "/" for 127.0.0.1 at 2015-02-08 02:36:03 -0500
Processing by CoursesController#index as HTML
  [1m[36mCourse Load (0.3ms)[0m  [1mSELECT "courses".* FROM "courses"[0m
  Rendered courses/index.html.erb within layouts/application (1.2ms)
Completed 200 OK in 84ms (Views: 82.8ms | ActiveRecord: 0.3ms)


Started GET "/assets/instructors.css?body=1" for 127.0.0.1 at 2015-02-08 02:36:03 -0500


Started GET "/assets/courses.css?body=1" for 127.0.0.1 at 2015-02-08 02:36:03 -0500


Started GET "/assets/scaffolds.css?body=1" for 127.0.0.1 at 2015-02-08 02:36:03 -0500


Started GET "/assets/universities.css?body=1" for 127.0.0.1 at 2015-02-08 02:36:03 -0500


Started GET "/assets/meetings.css?body=1" for 127.0.0.1 at 2015-02-08 02:36:03 -0500


Started GET "/assets/sections.css?body=1" for 127.0.0.1 at 2015-02-08 02:36:03 -0500


Started GET "/assets/application.css?body=1" for 127.0.0.1 at 2015-02-08 02:36:03 -0500


Started GET "/assets/jquery.js?body=1" for 127.0.0.1 at 2015-02-08 02:36:03 -0500


Started GET "/assets/jquery_ujs.js?body=1" for 127.0.0.1 at 2015-02-08 02:36:03 -0500


Started GET "/assets/turbolinks.js?body=1" for 127.0.0.1 at 2015-02-08 02:36:03 -0500


Started GET "/assets/courses.js?body=1" for 127.0.0.1 at 2015-02-08 02:36:03 -0500


Started GET "/assets/instructors.js?body=1" for 127.0.0.1 at 2015-02-08 02:36:03 -0500


Started GET "/assets/meetings.js?body=1" for 127.0.0.1 at 2015-02-08 02:36:03 -0500


Started GET "/assets/sections.js?body=1" for 127.0.0.1 at 2015-02-08 02:36:03 -0500


Started GET "/assets/universities.js?body=1" for 127.0.0.1 at 2015-02-08 02:36:03 -0500


Started GET "/assets/application.js?body=1" for 127.0.0.1 at 2015-02-08 02:36:03 -0500


Started GET "/" for 127.0.0.1 at 2015-02-08 02:39:13 -0500
Processing by CoursesController#index as HTML
  [1m[35mCourse Load (0.3ms)[0m  SELECT "courses".* FROM "courses"
  Rendered courses/index.html.erb within layouts/application (0.8ms)
Completed 200 OK in 81ms (Views: 80.2ms | ActiveRecord: 0.3ms)


Started GET "/assets/instructors.css?body=1" for 127.0.0.1 at 2015-02-08 02:39:13 -0500


Started GET "/assets/courses.css?body=1" for 127.0.0.1 at 2015-02-08 02:39:13 -0500


Started GET "/assets/sections.css?body=1" for 127.0.0.1 at 2015-02-08 02:39:13 -0500


Started GET "/assets/meetings.css?body=1" for 127.0.0.1 at 2015-02-08 02:39:13 -0500


Started GET "/assets/scaffolds.css?body=1" for 127.0.0.1 at 2015-02-08 02:39:13 -0500


Started GET "/assets/universities.css?body=1" for 127.0.0.1 at 2015-02-08 02:39:13 -0500


Started GET "/assets/application.css?body=1" for 127.0.0.1 at 2015-02-08 02:39:13 -0500


Started GET "/assets/jquery.js?body=1" for 127.0.0.1 at 2015-02-08 02:39:13 -0500


Started GET "/assets/jquery_ujs.js?body=1" for 127.0.0.1 at 2015-02-08 02:39:13 -0500


Started GET "/assets/turbolinks.js?body=1" for 127.0.0.1 at 2015-02-08 02:39:13 -0500


Started GET "/assets/courses.js?body=1" for 127.0.0.1 at 2015-02-08 02:39:13 -0500


Started GET "/assets/instructors.js?body=1" for 127.0.0.1 at 2015-02-08 02:39:13 -0500


Started GET "/assets/meetings.js?body=1" for 127.0.0.1 at 2015-02-08 02:39:13 -0500


Started GET "/assets/sections.js?body=1" for 127.0.0.1 at 2015-02-08 02:39:13 -0500


Started GET "/assets/universities.js?body=1" for 127.0.0.1 at 2015-02-08 02:39:13 -0500


Started GET "/assets/application.js?body=1" for 127.0.0.1 at 2015-02-08 02:39:13 -0500
